  main.cpp
d:\vsproject\2017\database_4\database4\database4\main.cpp(64): warning C4018: “<”: 有符号/无符号不匹配
d:\vsproject\2017\database_4\database4\database4\main.cpp(69): warning C4018: “<”: 有符号/无符号不匹配
d:\vsproject\2017\database_4\database4\database4\main.cpp(80): warning C4018: “<”: 有符号/无符号不匹配
d:\vsproject\2017\database_4\database4\database4\main.cpp(96): warning C4018: “<”: 有符号/无符号不匹配
d:\vsproject\2017\database_4\database4\database4\main.cpp(101): warning C4018: “<”: 有符号/无符号不匹配
d:\vsproject\2017\database_4\database4\database4\main.cpp(112): warning C4018: “<”: 有符号/无符号不匹配
d:\vsproject\2017\database_4\database4\database4\main.cpp(159): warning C4018: “<”: 有符号/无符号不匹配
d:\vsproject\2017\database_4\database4\database4\main.cpp(163): warning C4018: “<”: 有符号/无符号不匹配
d:\vsproject\2017\database_4\database4\database4\main.cpp(171): warning C4018: “<”: 有符号/无符号不匹配
d:\vsproject\2017\database_4\database4\database4\main.cpp(212): warning C4018: “<”: 有符号/无符号不匹配
d:\vsproject\2017\database_4\database4\database4\main.cpp(216): warning C4018: “<”: 有符号/无符号不匹配
d:\vsproject\2017\database_4\database4\database4\main.cpp(224): warning C4018: “<”: 有符号/无符号不匹配
d:\vsproject\2017\database_4\database4\database4\main.cpp(247): warning C4018: “<”: 有符号/无符号不匹配
d:\vsproject\2017\database_4\database4\database4\main.cpp(340): warning C4018: “<”: 有符号/无符号不匹配
d:\vsproject\2017\database_4\database4\database4\main.cpp(344): warning C4018: “<”: 有符号/无符号不匹配
d:\vsproject\2017\database_4\database4\database4\main.cpp(354): warning C4018: “<”: 有符号/无符号不匹配
d:\vsproject\2017\database_4\database4\database4\main.cpp(411): warning C4018: “<”: 有符号/无符号不匹配
d:\vsproject\2017\database_4\database4\database4\main.cpp(415): warning C4018: “<”: 有符号/无符号不匹配
d:\vsproject\2017\database_4\database4\database4\main.cpp(425): warning C4018: “<”: 有符号/无符号不匹配
d:\vsproject\2017\database_4\database4\database4\main.cpp(479): warning C4018: “<”: 有符号/无符号不匹配
d:\vsproject\2017\database_4\database4\database4\main.cpp(483): warning C4018: “<”: 有符号/无符号不匹配
d:\vsproject\2017\database_4\database4\database4\main.cpp(491): warning C4018: “<”: 有符号/无符号不匹配
d:\vsproject\2017\database_4\database4\database4\main.cpp(495): warning C4018: “<”: 有符号/无符号不匹配
d:\vsproject\2017\database_4\database4\database4\main.cpp(505): warning C4018: “<”: 有符号/无符号不匹配
d:\vsproject\2017\database_4\database4\database4\main.cpp(509): warning C4018: “<”: 有符号/无符号不匹配
d:\vsproject\2017\database_4\database4\database4\main.cpp(517): warning C4018: “<”: 有符号/无符号不匹配
d:\vsproject\2017\database_4\database4\database4\main.cpp(521): warning C4018: “<”: 有符号/无符号不匹配
d:\vsproject\2017\database_4\database4\database4\main.cpp(565): warning C4018: “<”: 有符号/无符号不匹配
d:\vsproject\2017\database_4\database4\database4\main.cpp(822): warning C4018: “<”: 有符号/无符号不匹配
d:\vsproject\2017\database_4\database4\database4\main.cpp(826): warning C4018: “<”: 有符号/无符号不匹配
d:\vsproject\2017\database_4\database4\database4\main.cpp(894): warning C4018: “<”: 有符号/无符号不匹配
d:\vsproject\2017\database_4\database4\database4\main.cpp(977): warning C4018: “<”: 有符号/无符号不匹配
d:\vsproject\2017\database_4\database4\database4\main.cpp(981): warning C4018: “<”: 有符号/无符号不匹配
d:\vsproject\2017\database_4\database4\database4\main.cpp(989): warning C4018: “<”: 有符号/无符号不匹配
d:\vsproject\2017\database_4\database4\database4\main.cpp(1017): warning C4018: “<”: 有符号/无符号不匹配
d:\vsproject\2017\database_4\database4\database4\main.cpp(1021): warning C4018: “<”: 有符号/无符号不匹配
d:\vsproject\2017\database_4\database4\database4\main.cpp(1029): warning C4018: “<”: 有符号/无符号不匹配
d:\vsproject\2017\database_4\database4\database4\main.cpp(1061): warning C4018: “<”: 有符号/无符号不匹配
d:\vsproject\2017\database_4\database4\database4\main.cpp(1065): warning C4018: “<”: 有符号/无符号不匹配
d:\vsproject\2017\database_4\database4\database4\main.cpp(1073): warning C4018: “<”: 有符号/无符号不匹配
d:\vsproject\2017\database_4\database4\database4\main.cpp(1105): warning C4018: “<”: 有符号/无符号不匹配
d:\vsproject\2017\database_4\database4\database4\main.cpp(1109): warning C4018: “<”: 有符号/无符号不匹配
d:\vsproject\2017\database_4\database4\database4\main.cpp(1117): warning C4018: “<”: 有符号/无符号不匹配
d:\vsproject\2017\database_4\database4\database4\main.cpp(1491): warning C4018: “<”: 有符号/无符号不匹配
d:\vsproject\2017\database_4\database4\database4\main.cpp(1145): warning C4101: “tmp_B”: 未引用的局部变量
d:\vsproject\2017\database_4\database4\database4\main.cpp(1146): warning C4101: “max_inblock”: 未引用的局部变量
d:\vsproject\2017\database_4\database4\database4\main.cpp(1146): warning C4101: “min_inblock”: 未引用的局部变量
d:\vsproject\2017\database_4\database4\database4\main.cpp(1332): warning C4101: “tmp_D”: 未引用的局部变量
d:\vsproject\2017\database_4\database4\database4\main.cpp(1145): warning C4101: “tmp_A”: 未引用的局部变量
d:\vsproject\2017\database_4\database4\database4\main.cpp(1332): warning C4101: “tmp_C”: 未引用的局部变量
d:\vsproject\2017\database_4\database4\database4\main.cpp(1144): warning C4101: “i”: 未引用的局部变量
d:\vsproject\2017\database_4\database4\database4\main.cpp(1562): warning C4018: “<”: 有符号/无符号不匹配
d:\vsproject\2017\database_4\database4\database4\main.cpp(1566): warning C4018: “<”: 有符号/无符号不匹配
d:\vsproject\2017\database_4\database4\database4\main.cpp(1575): warning C4018: “<”: 有符号/无符号不匹配
d:\vsproject\2017\database_4\database4\database4\main.cpp(1588): warning C4018: “<”: 有符号/无符号不匹配
d:\vsproject\2017\database_4\database4\database4\main.cpp(1592): warning C4018: “<”: 有符号/无符号不匹配
d:\vsproject\2017\database_4\database4\database4\main.cpp(1599): warning C4018: “<”: 有符号/无符号不匹配
d:\vsproject\2017\database_4\database4\database4\main.cpp(1603): warning C4018: “<”: 有符号/无符号不匹配
d:\vsproject\2017\database_4\database4\database4\main.cpp(1607): warning C4018: “<”: 有符号/无符号不匹配
d:\vsproject\2017\database_4\database4\database4\main.cpp(1614): warning C4018: “<”: 有符号/无符号不匹配
d:\vsproject\2017\database_4\database4\database4\main.cpp(1618): warning C4018: “<”: 有符号/无符号不匹配
d:\vsproject\2017\database_4\database4\database4\main.cpp(1634): warning C4018: “<”: 有符号/无符号不匹配
d:\vsproject\2017\database_4\database4\database4\main.cpp(1641): warning C4018: “<”: 有符号/无符号不匹配
d:\vsproject\2017\database_4\database4\database4\main.cpp(1716): warning C4018: “<”: 有符号/无符号不匹配
d:\vsproject\2017\database_4\database4\database4\main.cpp(1720): warning C4018: “<”: 有符号/无符号不匹配
d:\vsproject\2017\database_4\database4\database4\main.cpp(1726): warning C4018: “<”: 有符号/无符号不匹配
d:\vsproject\2017\database_4\database4\database4\main.cpp(1754): warning C4018: “<”: 有符号/无符号不匹配
d:\vsproject\2017\database_4\database4\database4\main.cpp(1794): warning C4018: “<”: 有符号/无符号不匹配
d:\vsproject\2017\database_4\database4\database4\main.cpp(1803): warning C4018: “<”: 有符号/无符号不匹配
d:\vsproject\2017\database_4\database4\database4\main.cpp(1824): warning C4018: “<”: 有符号/无符号不匹配
d:\vsproject\2017\database_4\database4\database4\main.cpp(1870): warning C4018: “<”: 有符号/无符号不匹配
d:\vsproject\2017\database_4\database4\database4\main.cpp(1879): warning C4018: “<”: 有符号/无符号不匹配
d:\vsproject\2017\database_4\database4\database4\main.cpp(1900): warning C4018: “<”: 有符号/无符号不匹配
d:\vsproject\2017\database_4\database4\database4\main.cpp(1960): warning C4018: “<”: 有符号/无符号不匹配
d:\vsproject\2017\database_4\database4\database4\main.cpp(1964): warning C4018: “<”: 有符号/无符号不匹配
d:\vsproject\2017\database_4\database4\database4\main.cpp(1968): warning C4018: “<”: 有符号/无符号不匹配
d:\vsproject\2017\database_4\database4\database4\main.cpp(1972): warning C4018: “<”: 有符号/无符号不匹配
d:\vsproject\2017\database_4\database4\database4\main.cpp(1982): warning C4018: “<”: 有符号/无符号不匹配
d:\vsproject\2017\database_4\database4\database4\main.cpp(2009): warning C4018: “<”: 有符号/无符号不匹配
d:\vsproject\2017\database_4\database4\database4\main.cpp(2077): warning C4018: “<”: 有符号/无符号不匹配
d:\vsproject\2017\database_4\database4\database4\main.cpp(2081): warning C4018: “<”: 有符号/无符号不匹配
d:\vsproject\2017\database_4\database4\database4\main.cpp(2085): warning C4018: “<”: 有符号/无符号不匹配
d:\vsproject\2017\database_4\database4\database4\main.cpp(2089): warning C4018: “<”: 有符号/无符号不匹配
d:\vsproject\2017\database_4\database4\database4\main.cpp(2097): warning C4018: “<”: 有符号/无符号不匹配
d:\vsproject\2017\database_4\database4\database4\main.cpp(2138): warning C4018: “<”: 有符号/无符号不匹配
d:\vsproject\2017\database_4\database4\database4\main.cpp(2142): warning C4018: “<”: 有符号/无符号不匹配
d:\vsproject\2017\database_4\database4\database4\main.cpp(2146): warning C4018: “<”: 有符号/无符号不匹配
d:\vsproject\2017\database_4\database4\database4\main.cpp(2150): warning C4018: “<”: 有符号/无符号不匹配
d:\vsproject\2017\database_4\database4\database4\main.cpp(2158): warning C4018: “<”: 有符号/无符号不匹配
d:\vsproject\2017\database_4\database4\database4\main.cpp(2214): warning C4018: “<”: 有符号/无符号不匹配
d:\vsproject\2017\database_4\database4\database4\main.cpp(2218): warning C4018: “<”: 有符号/无符号不匹配
d:\vsproject\2017\database_4\database4\database4\main.cpp(2222): warning C4018: “<”: 有符号/无符号不匹配
d:\vsproject\2017\database_4\database4\database4\main.cpp(2226): warning C4018: “<”: 有符号/无符号不匹配
d:\vsproject\2017\database_4\database4\database4\main.cpp(2234): warning C4018: “<”: 有符号/无符号不匹配
d:\vsproject\2017\database_4\database4\database4\main.cpp(2301): warning C4018: “<”: 有符号/无符号不匹配
d:\vsproject\2017\database_4\database4\database4\main.cpp(2314): warning C4018: “<”: 有符号/无符号不匹配
d:\vsproject\2017\database_4\database4\database4\main.cpp(2380): warning C4018: “<”: 有符号/无符号不匹配
d:\vsproject\2017\database_4\database4\database4\main.cpp(2384): warning C4018: “<”: 有符号/无符号不匹配
d:\vsproject\2017\database_4\database4\database4\main.cpp(2405): warning C4018: “<”: 有符号/无符号不匹配
d:\vsproject\2017\database_4\database4\database4\main.cpp(2409): warning C4018: “<”: 有符号/无符号不匹配
d:\vsproject\2017\database_4\database4\database4\main.cpp(2415): warning C4018: “<”: 有符号/无符号不匹配
d:\vsproject\2017\database_4\database4\database4\main.cpp(2430): warning C4018: “<”: 有符号/无符号不匹配
d:\vsproject\2017\database_4\database4\database4\main.cpp(2434): warning C4018: “<”: 有符号/无符号不匹配
d:\vsproject\2017\database_4\database4\database4\main.cpp(2440): warning C4018: “<”: 有符号/无符号不匹配
d:\vsproject\2017\database_4\database4\database4\main.cpp(2455): warning C4018: “<”: 有符号/无符号不匹配
d:\vsproject\2017\database_4\database4\database4\main.cpp(2459): warning C4018: “<”: 有符号/无符号不匹配
d:\vsproject\2017\database_4\database4\database4\main.cpp(2465): warning C4018: “<”: 有符号/无符号不匹配
d:\vsproject\2017\database_4\database4\database4\main.cpp(2480): warning C4018: “<”: 有符号/无符号不匹配
d:\vsproject\2017\database_4\database4\database4\main.cpp(2484): warning C4018: “<”: 有符号/无符号不匹配
d:\vsproject\2017\database_4\database4\database4\main.cpp(2490): warning C4018: “<”: 有符号/无符号不匹配
d:\vsproject\2017\database_4\database4\database4\main.cpp(2512): warning C4018: “<”: 有符号/无符号不匹配
d:\vsproject\2017\database_4\database4\database4\main.cpp(2575): warning C4018: “<”: 有符号/无符号不匹配
d:\vsproject\2017\database_4\database4\database4\main.cpp(2579): warning C4018: “<”: 有符号/无符号不匹配
d:\vsproject\2017\database_4\database4\database4\main.cpp(2585): warning C4018: “<”: 有符号/无符号不匹配
d:\vsproject\2017\database_4\database4\database4\main.cpp(2600): warning C4018: “<”: 有符号/无符号不匹配
d:\vsproject\2017\database_4\database4\database4\main.cpp(2604): warning C4018: “<”: 有符号/无符号不匹配
d:\vsproject\2017\database_4\database4\database4\main.cpp(2610): warning C4018: “<”: 有符号/无符号不匹配
d:\vsproject\2017\database_4\database4\database4\main.cpp(2625): warning C4018: “<”: 有符号/无符号不匹配
d:\vsproject\2017\database_4\database4\database4\main.cpp(2629): warning C4018: “<”: 有符号/无符号不匹配
d:\vsproject\2017\database_4\database4\database4\main.cpp(2635): warning C4018: “<”: 有符号/无符号不匹配
d:\vsproject\2017\database_4\database4\database4\main.cpp(2650): warning C4018: “<”: 有符号/无符号不匹配
d:\vsproject\2017\database_4\database4\database4\main.cpp(2654): warning C4018: “<”: 有符号/无符号不匹配
d:\vsproject\2017\database_4\database4\database4\main.cpp(2660): warning C4018: “<”: 有符号/无符号不匹配
d:\vsproject\2017\database_4\database4\database4\main.cpp(2675): warning C4018: “<”: 有符号/无符号不匹配
d:\vsproject\2017\database_4\database4\database4\main.cpp(2679): warning C4018: “<”: 有符号/无符号不匹配
d:\vsproject\2017\database_4\database4\database4\main.cpp(2685): warning C4018: “<”: 有符号/无符号不匹配
d:\vsproject\2017\database_4\database4\database4\main.cpp(2707): warning C4018: “<”: 有符号/无符号不匹配
d:\vsproject\2017\database_4\database4\database4\main.cpp(2781): warning C4018: “<”: 有符号/无符号不匹配
d:\vsproject\2017\database_4\database4\database4\main.cpp(2785): warning C4018: “<”: 有符号/无符号不匹配
d:\vsproject\2017\database_4\database4\database4\main.cpp(2789): warning C4018: “<”: 有符号/无符号不匹配
d:\vsproject\2017\database_4\database4\database4\main.cpp(2793): warning C4018: “<”: 有符号/无符号不匹配
d:\vsproject\2017\database_4\database4\database4\main.cpp(2803): warning C4018: “<”: 有符号/无符号不匹配
d:\vsproject\2017\database_4\database4\database4\main.cpp(2870): warning C4018: “<”: 有符号/无符号不匹配
d:\vsproject\2017\database_4\database4\database4\main.cpp(2874): warning C4018: “<”: 有符号/无符号不匹配
d:\vsproject\2017\database_4\database4\database4\main.cpp(2878): warning C4018: “<”: 有符号/无符号不匹配
d:\vsproject\2017\database_4\database4\database4\main.cpp(2882): warning C4018: “<”: 有符号/无符号不匹配
d:\vsproject\2017\database_4\database4\database4\main.cpp(2892): warning C4018: “<”: 有符号/无符号不匹配
d:\vsproject\2017\database_4\database4\database4\main.cpp(2960): warning C4018: “<”: 有符号/无符号不匹配
d:\vsproject\2017\database_4\database4\database4\main.cpp(2964): warning C4018: “<”: 有符号/无符号不匹配
d:\vsproject\2017\database_4\database4\database4\main.cpp(2968): warning C4018: “<”: 有符号/无符号不匹配
d:\vsproject\2017\database_4\database4\database4\main.cpp(2972): warning C4018: “<”: 有符号/无符号不匹配
d:\vsproject\2017\database_4\database4\database4\main.cpp(2982): warning C4018: “<”: 有符号/无符号不匹配
d:\vsproject\2017\database_4\database4\database4\main.cpp(3049): warning C4018: “<”: 有符号/无符号不匹配
d:\vsproject\2017\database_4\database4\database4\main.cpp(3053): warning C4018: “<”: 有符号/无符号不匹配
d:\vsproject\2017\database_4\database4\database4\main.cpp(3057): warning C4018: “<”: 有符号/无符号不匹配
d:\vsproject\2017\database_4\database4\database4\main.cpp(3061): warning C4018: “<”: 有符号/无符号不匹配
d:\vsproject\2017\database_4\database4\database4\main.cpp(3071): warning C4018: “<”: 有符号/无符号不匹配
d:\vsproject\2017\database_4\database4\database4\main.cpp(3138): warning C4018: “<”: 有符号/无符号不匹配
d:\vsproject\2017\database_4\database4\database4\main.cpp(3142): warning C4018: “<”: 有符号/无符号不匹配
d:\vsproject\2017\database_4\database4\database4\main.cpp(3146): warning C4018: “<”: 有符号/无符号不匹配
d:\vsproject\2017\database_4\database4\database4\main.cpp(3150): warning C4018: “<”: 有符号/无符号不匹配
d:\vsproject\2017\database_4\database4\database4\main.cpp(3160): warning C4018: “<”: 有符号/无符号不匹配
d:\vsproject\2017\database_4\database4\database4\main.cpp(3191): warning C4018: “<”: 有符号/无符号不匹配
  database4.vcxproj -> D:\vsproject\2017\database_4\database4\Debug\database4.exe
